2025.01.08 23:20:10 INFO  Started: Metals version 1.4.2 in folders '/Users/darrensandhu/UNI/Year 2/5CCS2PEP/Coursework/assignment2022scala-DarrenSandhu/main4' for client Visual Studio Code 1.96.0.[0m
2025.01.08 23:20:10 INFO  no build target found for /Users/darrensandhu/UNI/Year 2/5CCS2PEP/Coursework/assignment2022scala-DarrenSandhu/main4/knight1.scala. Using presentation compiler with project's scala-library version: 3.3.4[0m
2025.01.08 23:20:11 INFO  Running List(/Users/darrensandhu/Library/Application Support/Coursier/bin/scala-cli, setup-ide, /Users/darrensandhu/UNI/Year 2/5CCS2PEP/Coursework/assignment2022scala-DarrenSandhu/main4)[0m
2025.01.08 23:20:11 INFO  no build target found for /Users/darrensandhu/UNI/Year 2/5CCS2PEP/Coursework/assignment2022scala-DarrenSandhu/main4/knight1.scala. Using presentation compiler with project's scala-library version: 3.3.4[0m
2025.01.08 23:20:12 INFO  Attempting to connect to the build server...[0m
2025.01.08 23:20:12 INFO  Running BSP server List(/Users/darrensandhu/Library/Application Support/Coursier/bin/.scala-cli.aux, bsp, --json-options, /Users/darrensandhu/UNI/Year 2/5CCS2PEP/Coursework/assignment2022scala-DarrenSandhu/main4/.scala-build/ide-options-v2.json, /Users/darrensandhu/UNI/Year 2/5CCS2PEP/Coursework/assignment2022scala-DarrenSandhu/main4)[0m
2025.01.08 23:20:11 INFO  tracing is disabled for protocol BSP, to enable tracing of incoming and outgoing JSON messages create an empty file at /Users/darrensandhu/UNI/Year 2/5CCS2PEP/Coursework/assignment2022scala-DarrenSandhu/main4/.metals/bsp.trace.json or /Users/darrensandhu/Library/Caches/org.scalameta.metals/bsp.trace.json[0m
2025.01.08 23:20:12 INFO  no build target found for /Users/darrensandhu/UNI/Year 2/5CCS2PEP/Coursework/assignment2022scala-DarrenSandhu/main4/knight1.scala. Using presentation compiler with project's scala-library version: 3.3.4[0m
2025.01.08 23:20:14 INFO  time: Connected to build server in 1.87s[0m
2025.01.08 23:20:14 INFO  Connected to Build server: scala-cli v0.1.19[0m
2025.01.08 23:20:14 INFO  running doctor check[0m
2025.01.08 23:20:14 INFO  java targets: project_bd2c96d2de, project_bd2c96d2de-test[0m
2025.01.08 23:20:14 WARN  3.2.1 is no longer supported in the current Metals versions, using the last known supported version 1.3.0[0m
2025.01.08 23:20:14 INFO  compiling project_bd2c96d2de (4 scala sources)[0m
2025.01.08 23:20:14 INFO  scalac -help  gives more information[0m
2025.01.08 23:20:14 INFO  time: compiled project_bd2c96d2de in 24ms[0m
2025.01.08 23:20:14 INFO  compiling project_bd2c96d2de (4 scala sources)[0m
2025.01.08 23:20:14 INFO  scalac -help  gives more information[0m
2025.01.08 23:20:14 INFO  time: compiled project_bd2c96d2de in 3ms[0m
2025.01.08 23:20:16 INFO  time: indexed workspace in 2.31s[0m
2025.01.08 23:20:16 INFO  compiling project_bd2c96d2de (4 scala sources)[0m
2025.01.08 23:20:16 INFO  scalac -help  gives more information[0m
2025.01.08 23:20:16 INFO  time: compiled project_bd2c96d2de in 4ms[0m
2025.01.08 23:20:16 INFO  compiling project_bd2c96d2de (4 scala sources)[0m
2025.01.08 23:20:16 INFO  scalac -help  gives more information[0m
2025.01.08 23:20:16 INFO  time: compiled project_bd2c96d2de in 2ms[0m
2025.01.09 13:47:00 INFO  compiling project_bd2c96d2de (4 scala sources)[0m
2025.01.09 13:47:00 INFO  scalac -help  gives more information[0m
2025.01.09 13:47:00 INFO  time: compiled project_bd2c96d2de in 6ms[0m
2025.01.09 13:47:04 INFO  compiling project_bd2c96d2de (4 scala sources)[0m
2025.01.09 13:47:04 INFO  scalac -help  gives more information[0m
2025.01.09 13:47:04 INFO  time: compiled project_bd2c96d2de in 3ms[0m
2025.01.09 13:47:15 INFO  compiling project_bd2c96d2de (4 scala sources)[0m
2025.01.09 13:47:15 INFO  scalac -help  gives more information[0m
2025.01.09 13:47:15 INFO  time: compiled project_bd2c96d2de in 3ms[0m
2025.01.09 13:47:57 INFO  compiling project_bd2c96d2de (4 scala sources)[0m
2025.01.09 13:47:57 INFO  scalac -help  gives more information[0m
2025.01.09 13:47:57 INFO  time: compiled project_bd2c96d2de in 4ms[0m
2025.01.09 13:48:00 INFO  compiling project_bd2c96d2de (4 scala sources)[0m
2025.01.09 13:48:00 INFO  scalac -help  gives more information[0m
2025.01.09 13:48:00 INFO  time: compiled project_bd2c96d2de in 2ms[0m
2025.01.09 13:48:01 INFO  compiling project_bd2c96d2de (4 scala sources)[0m
2025.01.09 13:48:01 INFO  scalac -help  gives more information[0m
2025.01.09 13:48:01 INFO  time: compiled project_bd2c96d2de in 2ms[0m
2025.01.09 13:48:03 INFO  compiling project_bd2c96d2de (4 scala sources)[0m
2025.01.09 13:48:03 INFO  scalac -help  gives more information[0m
2025.01.09 13:48:03 INFO  time: compiled project_bd2c96d2de in 2ms[0m
2025.01.09 13:48:06 INFO  compiling project_bd2c96d2de (4 scala sources)[0m
2025.01.09 13:48:06 INFO  scalac -help  gives more information[0m
2025.01.09 13:48:06 INFO  time: compiled project_bd2c96d2de in 2ms[0m
2025.01.09 13:48:09 INFO  compiling project_bd2c96d2de (4 scala sources)[0m
2025.01.09 13:48:09 INFO  scalac -help  gives more information[0m
2025.01.09 13:48:09 INFO  time: compiled project_bd2c96d2de in 2ms[0m
2025.01.09 13:48:13 INFO  compiling project_bd2c96d2de (4 scala sources)[0m
2025.01.09 13:48:13 INFO  scalac -help  gives more information[0m
2025.01.09 13:48:13 INFO  time: compiled project_bd2c96d2de in 3ms[0m
2025.01.09 13:48:14 INFO  compiling project_bd2c96d2de (4 scala sources)[0m
2025.01.09 13:48:14 INFO  scalac -help  gives more information[0m
2025.01.09 13:48:14 INFO  time: compiled project_bd2c96d2de in 2ms[0m
2025.01.09 13:48:15 INFO  compiling project_bd2c96d2de (4 scala sources)[0m
2025.01.09 13:48:15 INFO  scalac -help  gives more information[0m
2025.01.09 13:48:15 INFO  time: compiled project_bd2c96d2de in 2ms[0m
2025.01.09 13:48:17 INFO  compiling project_bd2c96d2de (4 scala sources)[0m
2025.01.09 13:48:17 INFO  scalac -help  gives more information[0m
2025.01.09 13:48:17 INFO  time: compiled project_bd2c96d2de in 2ms[0m
2025.01.09 13:48:18 INFO  compiling project_bd2c96d2de (4 scala sources)[0m
2025.01.09 13:48:18 INFO  scalac -help  gives more information[0m
2025.01.09 13:48:18 INFO  time: compiled project_bd2c96d2de in 3ms[0m
2025.01.09 13:48:21 INFO  compiling project_bd2c96d2de (4 scala sources)[0m
2025.01.09 13:48:21 INFO  scalac -help  gives more information[0m
2025.01.09 13:48:21 INFO  time: compiled project_bd2c96d2de in 1ms[0m
2025.01.09 13:48:23 INFO  compiling project_bd2c96d2de (4 scala sources)[0m
2025.01.09 13:48:23 INFO  scalac -help  gives more information[0m
2025.01.09 13:48:23 INFO  time: compiled project_bd2c96d2de in 2ms[0m
2025.01.09 13:48:26 INFO  compiling project_bd2c96d2de (4 scala sources)[0m
2025.01.09 13:48:26 INFO  scalac -help  gives more information[0m
2025.01.09 13:48:26 INFO  time: compiled project_bd2c96d2de in 2ms[0m
2025.01.09 13:48:38 INFO  compiling project_bd2c96d2de (4 scala sources)[0m
2025.01.09 13:48:38 INFO  scalac -help  gives more information[0m
2025.01.09 13:48:38 INFO  time: compiled project_bd2c96d2de in 4ms[0m
2025.01.09 13:48:40 INFO  compiling project_bd2c96d2de (4 scala sources)[0m
2025.01.09 13:48:40 INFO  scalac -help  gives more information[0m
2025.01.09 13:48:40 INFO  time: compiled project_bd2c96d2de in 4ms[0m
2025.01.09 13:48:54 INFO  compiling project_bd2c96d2de (4 scala sources)[0m
2025.01.09 13:48:54 INFO  scalac -help  gives more information[0m
2025.01.09 13:48:54 INFO  time: compiled project_bd2c96d2de in 4ms[0m
2025.01.09 13:48:55 INFO  compiling project_bd2c96d2de (4 scala sources)[0m
2025.01.09 13:48:55 INFO  scalac -help  gives more information[0m
2025.01.09 13:48:55 INFO  time: compiled project_bd2c96d2de in 2ms[0m
2025.01.09 13:49:01 INFO  compiling project_bd2c96d2de (4 scala sources)[0m
2025.01.09 13:49:01 INFO  scalac -help  gives more information[0m
2025.01.09 13:49:01 INFO  time: compiled project_bd2c96d2de in 3ms[0m
Jan 09, 2025 1:49:04 PM org.eclipse.lsp4j.jsonrpc.services.GenericEndpoint notify
INFO: Unsupported notification method: $/setTrace
2025.01.09 13:53:45 INFO  compiling project_bd2c96d2de (4 scala sources)[0m
2025.01.09 13:53:45 INFO  scalac -help  gives more information[0m
2025.01.09 13:53:45 INFO  time: compiled project_bd2c96d2de in 3ms[0m
Jan 09, 2025 1:57:26 PM org.eclipse.lsp4j.jsonrpc.services.GenericEndpoint notify
INFO: Unsupported notification method: $/setTrace
